Using pre-set license
Built from '2020.3/staging' branch; Version is '2020.3.9f1 (108be757e447) revision 1084391'; Using compiler version '192528614'; Build Type 'Release'
OS: 'Windows 10 Education; OS build 19042.1165; Version 2009; 64bit' Language: 'en' Physical Memory: 32679 MB
BatchMode: 1, IsHumanControllingUs: 0, StartBugReporterOnCrash: 0, Is64bit: 1, IsPro: 0

 COMMAND LINE ARGUMENTS:
C:\Program Files\Unity\Hub\Editor\2020.3.9f1\Editor\Unity.exe
-adb2
-batchMode
-noUpm
-name
AssetImportWorker0
-projectPath
D:/HIC-Platform
-logFile
Logs/AssetImportWorker0.log
-srvPort
6380
Successfully changed project path to: D:/HIC-Platform
D:/HIC-Platform
Using Asset Import Pipeline V2.
Refreshing native plugins compatible for Editor in 43.61 ms, found 3 plugins.
Preloading 0 native plugins for Editor in 0.00 ms.
Initialize engine version: 2020.3.9f1 (108be757e447)
[Subsystems] Discovering subsystems at path C:/Program Files/Unity/Hub/Editor/2020.3.9f1/Editor/Data/Resources/UnitySubsystems
[Subsystems] Discovering subsystems at path D:/HIC-Platform/Assets
GfxDevice: creating device client; threaded=0
Direct3D:
    Version:  Direct3D 11.0 [level 11.1]
    Renderer: NVIDIA GeForce RTX 2080 Ti (ID=0x1e07)
    Vendor:   
    VRAM:     11048 MB
    Driver:   27.21.14.5751
Initialize mono
Mono path[0] = 'C:/Program Files/Unity/Hub/Editor/2020.3.9f1/Editor/Data/Managed'
Mono path[1] = 'C:/Program Files/Unity/Hub/Editor/2020.3.9f1/Editor/Data/MonoBleedingEdge/lib/mono/unityjit'
Mono config path = 'C:/Program Files/Unity/Hub/Editor/2020.3.9f1/Editor/Data/MonoBleedingEdge/etc'
Using monoOptions --debugger-agent=transport=dt_socket,embedding=1,server=y,suspend=n,address=127.0.0.1:56672
Begin MonoManager ReloadAssembly
Registering precompiled unity dll's ...
Register platform support module: C:/Program Files/Unity/Hub/Editor/2020.3.9f1/Editor/Data/PlaybackEngines/WindowsStandaloneSupport/UnityEditor.WindowsStandalone.Extensions.dll
Registered in 0.001521 seconds.
Native extension for WindowsStandalone target not found
Refreshing native plugins compatible for Editor in 36.66 ms, found 3 plugins.
Preloading 0 native plugins for Editor in 0.00 ms.
Mono: successfully reloaded assembly
- Completed reload, in  0.866 seconds
Platform modules already initialized, skipping
Registering precompiled user dll's ...
Registered in 0.000806 seconds.
Begin MonoManager ReloadAssembly
Native extension for WindowsStandalone target not found
Refreshing native plugins compatible for Editor in 0.44 ms, found 3 plugins.
Preloading 0 native plugins for Editor in 0.00 ms.
Mono: successfully reloaded assembly
- Completed reload, in  0.734 seconds
Platform modules already initialized, skipping
========================================================================
Worker process is ready to serve import requests
Launched and connected shader compiler UnityShaderCompiler.exe after 0.04 seconds
Refreshing native plugins compatible for Editor in 0.67 ms, found 3 plugins.
Preloading 0 native plugins for Editor in 0.00 ms.
Unloading 1410 Unused Serialized files (Serialized files now loaded: 0)
System memory in use before: 73.6 MB.
System memory in use after: 73.6 MB.

Unloading 17 unused Assets to reduce memory usage. Loaded Objects now: 1851.
Total: 1.542300 ms (FindLiveObjects: 0.149700 ms CreateObjectMapping: 0.046900 ms MarkObjects: 1.268700 ms  DeleteObjects: 0.075700 ms)

========================================================================
Received Import Request.
  path: Assets/real_car_models/lancer evo/Body paint.mat
  artifactKey: Guid(c4dd7438d165234408365539390310ff) Importer(815301076,1909f56bfc062723c751e8b465ee728b)
Start importing Assets/real_car_models/lancer evo/Body paint.mat using Guid(c4dd7438d165234408365539390310ff) Importer(815301076,1909f56bfc062723c751e8b465ee728b)  -> (artifact id: '6601052cfc52f8287a0d1ac711f844f8') in 0.116909 seconds
  Import took 0.134802 seconds .

========================================================================
Received Import Request.
  Time since last request: 0.000276 seconds.
  path: Assets/real_car_models/russian car/fbx/Chrome.mat
  artifactKey: Guid(6a54354415b3a8546abb867369ce4e53) Importer(815301076,1909f56bfc062723c751e8b465ee728b)
Start importing Assets/real_car_models/russian car/fbx/Chrome.mat using Guid(6a54354415b3a8546abb867369ce4e53) Importer(815301076,1909f56bfc062723c751e8b465ee728b)  -> (artifact id: '2aa4dfff6a5f0f7e32c81b0a1678064d') in 0.008584 seconds
  Import took 0.025128 seconds .

========================================================================
Received Import Request.
  Time since last request: 0.000300 seconds.
  path: Assets/real_car_models/corvette/Car Paint - Red.001.mat
  artifactKey: Guid(61229fb9b7a1dcc419b68870af054dee) Importer(815301076,1909f56bfc062723c751e8b465ee728b)
Start importing Assets/real_car_models/corvette/Car Paint - Red.001.mat using Guid(61229fb9b7a1dcc419b68870af054dee) Importer(815301076,1909f56bfc062723c751e8b465ee728b)  -> (artifact id: 'd07ee0d9a76ed9b28777b5b03d56f90c') in 0.010712 seconds
  Import took 0.017520 seconds .

========================================================================
Received Import Request.
  Time since last request: 10.796372 seconds.
  path: Assets/real_car_models/lancer evo/Body paint.mat
  artifactKey: Guid(c4dd7438d165234408365539390310ff) Importer(815301076,1909f56bfc062723c751e8b465ee728b)
Start importing Assets/real_car_models/lancer evo/Body paint.mat using Guid(c4dd7438d165234408365539390310ff) Importer(815301076,1909f56bfc062723c751e8b465ee728b)  -> (artifact id: '6601052cfc52f8287a0d1ac711f844f8') in 0.046265 seconds
  Import took 0.048443 seconds .

========================================================================
Received Prepare
Refreshing native plugins compatible for Editor in 2.09 ms, found 3 plugins.
Preloading 0 native plugins for Editor in 0.00 ms.
Unloading 10 Unused Serialized files (Serialized files now loaded: 0)
System memory in use before: 46.7 MB.
System memory in use after: 46.7 MB.

Unloading 10 unused Assets to reduce memory usage. Loaded Objects now: 1891.
Total: 1.654800 ms (FindLiveObjects: 0.144700 ms CreateObjectMapping: 0.041600 ms MarkObjects: 1.432800 ms  DeleteObjects: 0.035100 ms)

========================================================================
Received Prepare
Registering precompiled user dll's ...
Registered in 0.000856 seconds.
Begin MonoManager ReloadAssembly
Native extension for WindowsStandalone target not found
Refreshing native plugins compatible for Editor in 0.65 ms, found 3 plugins.
Preloading 0 native plugins for Editor in 0.00 ms.
Mono: successfully reloaded assembly
- Completed reload, in  0.678 seconds
Platform modules already initialized, skipping
Refreshing native plugins compatible for Editor in 0.41 ms, found 3 plugins.
Preloading 0 native plugins for Editor in 0.00 ms.
Unloading 1372 Unused Serialized files (Serialized files now loaded: 0)
System memory in use before: 73.6 MB.
System memory in use after: 73.7 MB.

Unloading 12 unused Assets to reduce memory usage. Loaded Objects now: 1894.
Total: 1.598500 ms (FindLiveObjects: 0.138900 ms CreateObjectMapping: 0.033200 ms MarkObjects: 1.342700 ms  DeleteObjects: 0.082900 ms)

