Using pre-set license
Built from '2020.3/staging' branch; Version is '2020.3.9f1 (108be757e447) revision 1084391'; Using compiler version '192528614'; Build Type 'Release'
OS: 'Windows 10 Education; OS build 19042.985; Version 2009; 64bit' Language: 'en' Physical Memory: 32679 MB
BatchMode: 1, IsHumanControllingUs: 0, StartBugReporterOnCrash: 0, Is64bit: 1, IsPro: 0

 COMMAND LINE ARGUMENTS:
C:\Program Files\Unity\Hub\Editor\2020.3.9f1\Editor\Unity.exe
-adb2
-batchMode
-noUpm
-name
AssetImportWorker0
-projectPath
D:/HIC-Platform
-logFile
Logs/AssetImportWorker0.log
-srvPort
5205
Successfully changed project path to: D:/HIC-Platform
D:/HIC-Platform
Using Asset Import Pipeline V2.
Refreshing native plugins compatible for Editor in 23.18 ms, found 3 plugins.
Preloading 0 native plugins for Editor in 0.00 ms.
Initialize engine version: 2020.3.9f1 (108be757e447)
[Subsystems] Discovering subsystems at path C:/Program Files/Unity/Hub/Editor/2020.3.9f1/Editor/Data/Resources/UnitySubsystems
[Subsystems] Discovering subsystems at path D:/HIC-Platform/Assets
GfxDevice: creating device client; threaded=0
Direct3D:
    Version:  Direct3D 11.0 [level 11.1]
    Renderer: NVIDIA GeForce RTX 2080 Ti (ID=0x1e07)
    Vendor:   
    VRAM:     11048 MB
    Driver:   27.21.14.5751
Initialize mono
Mono path[0] = 'C:/Program Files/Unity/Hub/Editor/2020.3.9f1/Editor/Data/Managed'
Mono path[1] = 'C:/Program Files/Unity/Hub/Editor/2020.3.9f1/Editor/Data/MonoBleedingEdge/lib/mono/unityjit'
Mono config path = 'C:/Program Files/Unity/Hub/Editor/2020.3.9f1/Editor/Data/MonoBleedingEdge/etc'
Using monoOptions --debugger-agent=transport=dt_socket,embedding=1,server=y,suspend=n,address=127.0.0.1:56720
Begin MonoManager ReloadAssembly
Registering precompiled unity dll's ...
Register platform support module: C:/Program Files/Unity/Hub/Editor/2020.3.9f1/Editor/Data/PlaybackEngines/WindowsStandaloneSupport/UnityEditor.WindowsStandalone.Extensions.dll
Registered in 0.001532 seconds.
Native extension for WindowsStandalone target not found
Refreshing native plugins compatible for Editor in 23.17 ms, found 3 plugins.
Preloading 0 native plugins for Editor in 0.00 ms.
Mono: successfully reloaded assembly
- Completed reload, in  0.844 seconds
Platform modules already initialized, skipping
Registering precompiled user dll's ...
Registered in 0.000672 seconds.
Begin MonoManager ReloadAssembly
Native extension for WindowsStandalone target not found
Refreshing native plugins compatible for Editor in 0.25 ms, found 3 plugins.
Preloading 0 native plugins for Editor in 0.00 ms.
Mono: successfully reloaded assembly
- Completed reload, in  0.713 seconds
Platform modules already initialized, skipping
========================================================================
Worker process is ready to serve import requests
Launched and connected shader compiler UnityShaderCompiler.exe after 0.04 seconds
Refreshing native plugins compatible for Editor in 0.24 ms, found 3 plugins.
Preloading 0 native plugins for Editor in 0.00 ms.
Unloading 1269 Unused Serialized files (Serialized files now loaded: 0)
System memory in use before: 62.6 MB.
System memory in use after: 62.6 MB.

Unloading 17 unused Assets to reduce memory usage. Loaded Objects now: 1704.
Total: 1.394000 ms (FindLiveObjects: 0.108700 ms CreateObjectMapping: 0.029700 ms MarkObjects: 1.194600 ms  DeleteObjects: 0.060200 ms)

========================================================================
Received Import Request.
  path: Assets/GameViewSizeTool
  artifactKey: Guid(021667787825392478f1693c65b3478a) Importer(815301076,1909f56bfc062723c751e8b465ee728b)
Start importing Assets/GameViewSizeTool using Guid(021667787825392478f1693c65b3478a) Importer(815301076,1909f56bfc062723c751e8b465ee728b)  -> (artifact id: 'a358d5343d69760c9baccc8209195591') in 0.006916 seconds
  Import took 0.008437 seconds .

========================================================================
Received Import Request.
  Time since last request: 0.000210 seconds.
  path: Assets/ImageSynthesis
  artifactKey: Guid(4edca9da75fba8e4cb734dd875ded747) Importer(815301076,1909f56bfc062723c751e8b465ee728b)
Start importing Assets/ImageSynthesis using Guid(4edca9da75fba8e4cb734dd875ded747) Importer(815301076,1909f56bfc062723c751e8b465ee728b)  -> (artifact id: '1c283f7a0be4d452cf4f67bab4e96089') in 0.005211 seconds
  Import took 0.030183 seconds .

========================================================================
Received Import Request.
  Time since last request: 105.151119 seconds.
  path: Assets/Azerilo
  artifactKey: Guid(3fd77d59caceca646a1cf25ef1c7582c) Importer(815301076,1909f56bfc062723c751e8b465ee728b)
Start importing Assets/Azerilo using Guid(3fd77d59caceca646a1cf25ef1c7582c) Importer(815301076,1909f56bfc062723c751e8b465ee728b)  -> (artifact id: '2624e715540639804d520146e11cc1a7') in 0.004989 seconds
  Import took 0.007002 seconds .

========================================================================
Received Import Request.
  Time since last request: 1.134317 seconds.
  path: Assets/Azerilo/Demo Assets
  artifactKey: Guid(ef5ad66c2449f2e4eabd138257a1cb81) Importer(815301076,1909f56bfc062723c751e8b465ee728b)
Start importing Assets/Azerilo/Demo Assets using Guid(ef5ad66c2449f2e4eabd138257a1cb81) Importer(815301076,1909f56bfc062723c751e8b465ee728b)  -> (artifact id: 'a7d3a6c1ae4d22e31e8ffe0b14461315') in 0.004918 seconds
  Import took 0.006612 seconds .

========================================================================
Received Import Request.
  Time since last request: 0.068171 seconds.
  path: Assets/Azerilo/Demo Assets/Concrete.png
  artifactKey: Guid(54fe9336185816b42b71905ad8edb8ab) Importer(815301076,1909f56bfc062723c751e8b465ee728b)
Start importing Assets/Azerilo/Demo Assets/Concrete.png using Guid(54fe9336185816b42b71905ad8edb8ab) Importer(815301076,1909f56bfc062723c751e8b465ee728b)  -> (artifact id: 'b0bed4d0d0d92b1da60c0c2ac7ca700f') in 0.071610 seconds
  Import took 0.073340 seconds .

========================================================================
Received Import Request.
  Time since last request: 0.000237 seconds.
  path: Assets/Azerilo/Demo Assets/Ground.mat
  artifactKey: Guid(aad598b43aa780247ae3dc593eceea9f) Importer(815301076,1909f56bfc062723c751e8b465ee728b)
Start importing Assets/Azerilo/Demo Assets/Ground.mat using Guid(aad598b43aa780247ae3dc593eceea9f) Importer(815301076,1909f56bfc062723c751e8b465ee728b)  -> (artifact id: 'df80925b051843846c08a4e088855fc7') in 0.149909 seconds
  Import took 0.151489 seconds .

========================================================================
Received Import Request.
  Time since last request: 1.233378 seconds.
  path: Assets/Azerilo/HQ Racing Car Model No.1202
  artifactKey: Guid(ff585acbc301f0648966e1525467bac1) Importer(815301076,1909f56bfc062723c751e8b465ee728b)
Start importing Assets/Azerilo/HQ Racing Car Model No.1202 using Guid(ff585acbc301f0648966e1525467bac1) Importer(815301076,1909f56bfc062723c751e8b465ee728b)  -> (artifact id: 'f93045f52aa95421cfe7cda8e736027d') in 0.005323 seconds
  Import took 0.007107 seconds .

========================================================================
Received Import Request.
  Time since last request: 0.705868 seconds.
  path: Assets/Azerilo/HQ Racing Car Model No.1202/Material
  artifactKey: Guid(4d4acdc07427b044988d21e0da95b349) Importer(815301076,1909f56bfc062723c751e8b465ee728b)
Start importing Assets/Azerilo/HQ Racing Car Model No.1202/Material using Guid(4d4acdc07427b044988d21e0da95b349) Importer(815301076,1909f56bfc062723c751e8b465ee728b)  -> (artifact id: 'b8aac03d27d49eddeba8fa5f445d7cee') in 0.004905 seconds
  Import took 0.006662 seconds .

========================================================================
Received Import Request.
  Time since last request: 0.763041 seconds.
  path: Assets/Azerilo/HQ Racing Car Model No.1202/Prefab
  artifactKey: Guid(c396fa80165e549458e0dcf84d3beb63) Importer(815301076,1909f56bfc062723c751e8b465ee728b)
Start importing Assets/Azerilo/HQ Racing Car Model No.1202/Prefab using Guid(c396fa80165e549458e0dcf84d3beb63) Importer(815301076,1909f56bfc062723c751e8b465ee728b)  -> (artifact id: 'ef5e68b270cc424405a69184a0597883') in 0.004898 seconds
  Import took 0.006740 seconds .

========================================================================
Received Import Request.
  Time since last request: 0.000923 seconds.
  path: Assets/Azerilo/HQ Racing Car Model No.1202/Prefab
  artifactKey: Guid(c396fa80165e549458e0dcf84d3beb63) Importer(815301076,1909f56bfc062723c751e8b465ee728b)
Start importing Assets/Azerilo/HQ Racing Car Model No.1202/Prefab using Guid(c396fa80165e549458e0dcf84d3beb63) Importer(815301076,1909f56bfc062723c751e8b465ee728b)  -> (artifact id: 'ef5e68b270cc424405a69184a0597883') in 0.001575 seconds
  Import took 0.003287 seconds .

========================================================================
Received Import Request.
  Time since last request: 0.075060 seconds.
  path: Assets/Azerilo/HQ Racing Car Model No.1202/Prefab/Car Black.prefab
  artifactKey: Guid(738830bc793a24e46a0a17dce3f80225) Importer(815301076,1909f56bfc062723c751e8b465ee728b)
Start importing Assets/Azerilo/HQ Racing Car Model No.1202/Prefab/Car Black.prefab using Guid(738830bc793a24e46a0a17dce3f80225) Importer(815301076,1909f56bfc062723c751e8b465ee728b)  -> (artifact id: '042164f8e614e7dc15928da7c2572a2f') in 0.769677 seconds
  Import took 0.772080 seconds .

========================================================================
Received Import Request.
  Time since last request: 0.000221 seconds.
  path: Assets/Azerilo/HQ Racing Car Model No.1202/Prefab/Car White.prefab
  artifactKey: Guid(c5c77be66559e0141a22b4c3c1ff564d) Importer(815301076,1909f56bfc062723c751e8b465ee728b)
Start importing Assets/Azerilo/HQ Racing Car Model No.1202/Prefab/Car White.prefab using Guid(c5c77be66559e0141a22b4c3c1ff564d) Importer(815301076,1909f56bfc062723c751e8b465ee728b)  -> (artifact id: '7c414ba065a63c5dbe7a6b8e8af95692') in 0.020504 seconds
  Import took 0.022720 seconds .

========================================================================
Received Import Request.
  Time since last request: 0.000205 seconds.
  path: Assets/Azerilo/HQ Racing Car Model No.1202/Prefab/Front_Wheel.prefab
  artifactKey: Guid(1bad0b4e640d16b49b442060ca129e51) Importer(815301076,1909f56bfc062723c751e8b465ee728b)
Start importing Assets/Azerilo/HQ Racing Car Model No.1202/Prefab/Front_Wheel.prefab using Guid(1bad0b4e640d16b49b442060ca129e51) Importer(815301076,1909f56bfc062723c751e8b465ee728b)  -> (artifact id: '8455b815a7071ffdf2f05b092bb33340') in 0.011064 seconds
  Import took 0.012841 seconds .

========================================================================
Received Import Request.
  Time since last request: 0.000228 seconds.
  path: Assets/Azerilo/HQ Racing Car Model No.1202/Prefab/Rear_Wheel.prefab
  artifactKey: Guid(cec6ad53ec58cc24f8bc63ded2375966) Importer(815301076,1909f56bfc062723c751e8b465ee728b)
Start importing Assets/Azerilo/HQ Racing Car Model No.1202/Prefab/Rear_Wheel.prefab using Guid(cec6ad53ec58cc24f8bc63ded2375966) Importer(815301076,1909f56bfc062723c751e8b465ee728b)  -> (artifact id: 'bf5f7d254812bf7799ec76b2b5dde79b') in 0.010864 seconds
  Import took 0.012663 seconds .

========================================================================
Received Import Request.
  Time since last request: 0.000217 seconds.
  path: Assets/Azerilo/HQ Racing Car Model No.1202/Prefab/Car Blue.prefab
  artifactKey: Guid(793bf8723ce4d5e4fb22bb5d8418281b) Importer(815301076,1909f56bfc062723c751e8b465ee728b)
Start importing Assets/Azerilo/HQ Racing Car Model No.1202/Prefab/Car Blue.prefab using Guid(793bf8723ce4d5e4fb22bb5d8418281b) Importer(815301076,1909f56bfc062723c751e8b465ee728b)  -> (artifact id: 'a526030af3c33d392463d73aebe87138') in 0.021257 seconds
  Import took 0.023544 seconds .

========================================================================
Received Prepare
Registering precompiled user dll's ...
Registered in 0.000693 seconds.
Begin MonoManager ReloadAssembly
Native extension for WindowsStandalone target not found
Refreshing native plugins compatible for Editor in 0.26 ms, found 3 plugins.
Preloading 0 native plugins for Editor in 0.00 ms.
Mono: successfully reloaded assembly
- Completed reload, in  0.647 seconds
Platform modules already initialized, skipping
Refreshing native plugins compatible for Editor in 0.27 ms, found 3 plugins.
Preloading 0 native plugins for Editor in 0.00 ms.
Unloading 1256 Unused Serialized files (Serialized files now loaded: 0)
System memory in use before: 65.2 MB.
System memory in use after: 65.3 MB.

Unloading 12 unused Assets to reduce memory usage. Loaded Objects now: 1748.
Total: 1.548700 ms (FindLiveObjects: 0.141900 ms CreateObjectMapping: 0.030600 ms MarkObjects: 1.330600 ms  DeleteObjects: 0.044600 ms)

========================================================================
Received Prepare
Registering precompiled user dll's ...
Registered in 0.000696 seconds.
Begin MonoManager ReloadAssembly
Native extension for WindowsStandalone target not found
Refreshing native plugins compatible for Editor in 0.28 ms, found 3 plugins.
Preloading 0 native plugins for Editor in 0.00 ms.
Mono: successfully reloaded assembly
- Completed reload, in  0.681 seconds
Platform modules already initialized, skipping
Refreshing native plugins compatible for Editor in 0.26 ms, found 3 plugins.
Preloading 0 native plugins for Editor in 0.00 ms.
Unloading 1256 Unused Serialized files (Serialized files now loaded: 0)
System memory in use before: 65.2 MB.
System memory in use after: 65.3 MB.

Unloading 12 unused Assets to reduce memory usage. Loaded Objects now: 1751.
Total: 1.435600 ms (FindLiveObjects: 0.107700 ms CreateObjectMapping: 0.029800 ms MarkObjects: 1.257900 ms  DeleteObjects: 0.039600 ms)

========================================================================
Received Prepare
Registering precompiled user dll's ...
Registered in 0.000715 seconds.
Begin MonoManager ReloadAssembly
Native extension for WindowsStandalone target not found
Refreshing native plugins compatible for Editor in 0.26 ms, found 3 plugins.
Preloading 0 native plugins for Editor in 0.00 ms.
Mono: successfully reloaded assembly
- Completed reload, in  0.646 seconds
Platform modules already initialized, skipping
Refreshing native plugins compatible for Editor in 0.26 ms, found 3 plugins.
Preloading 0 native plugins for Editor in 0.00 ms.
Unloading 1256 Unused Serialized files (Serialized files now loaded: 0)
System memory in use before: 65.3 MB.
System memory in use after: 65.3 MB.

Unloading 12 unused Assets to reduce memory usage. Loaded Objects now: 1754.
Total: 1.342100 ms (FindLiveObjects: 0.123000 ms CreateObjectMapping: 0.033300 ms MarkObjects: 1.145900 ms  DeleteObjects: 0.039100 ms)

========================================================================
Received Prepare
Registering precompiled user dll's ...
Registered in 0.000672 seconds.
Begin MonoManager ReloadAssembly
Native extension for WindowsStandalone target not found
Refreshing native plugins compatible for Editor in 0.26 ms, found 3 plugins.
Preloading 0 native plugins for Editor in 0.00 ms.
Mono: successfully reloaded assembly
- Completed reload, in  0.639 seconds
Platform modules already initialized, skipping
Refreshing native plugins compatible for Editor in 0.26 ms, found 3 plugins.
Preloading 0 native plugins for Editor in 0.00 ms.
Unloading 1256 Unused Serialized files (Serialized files now loaded: 0)
System memory in use before: 65.3 MB.
System memory in use after: 65.3 MB.

Unloading 12 unused Assets to reduce memory usage. Loaded Objects now: 1757.
Total: 1.465100 ms (FindLiveObjects: 0.129700 ms CreateObjectMapping: 0.029800 ms MarkObjects: 1.263400 ms  DeleteObjects: 0.041300 ms)

========================================================================
Received Prepare
Registering precompiled user dll's ...
Registered in 0.000720 seconds.
Begin MonoManager ReloadAssembly
Native extension for WindowsStandalone target not found
Refreshing native plugins compatible for Editor in 0.26 ms, found 3 plugins.
Preloading 0 native plugins for Editor in 0.00 ms.
Mono: successfully reloaded assembly
- Completed reload, in  0.641 seconds
Platform modules already initialized, skipping
Refreshing native plugins compatible for Editor in 0.26 ms, found 3 plugins.
Preloading 0 native plugins for Editor in 0.00 ms.
Unloading 1256 Unused Serialized files (Serialized files now loaded: 0)
System memory in use before: 65.3 MB.
System memory in use after: 65.3 MB.

Unloading 12 unused Assets to reduce memory usage. Loaded Objects now: 1760.
Total: 1.409100 ms (FindLiveObjects: 0.106200 ms CreateObjectMapping: 0.031800 ms MarkObjects: 1.233100 ms  DeleteObjects: 0.037300 ms)

========================================================================
Received Prepare
Registering precompiled user dll's ...
Registered in 0.000732 seconds.
Begin MonoManager ReloadAssembly
Native extension for WindowsStandalone target not found
Refreshing native plugins compatible for Editor in 0.26 ms, found 3 plugins.
Preloading 0 native plugins for Editor in 0.00 ms.
Mono: successfully reloaded assembly
- Completed reload, in  0.644 seconds
Platform modules already initialized, skipping
Refreshing native plugins compatible for Editor in 0.27 ms, found 3 plugins.
Preloading 0 native plugins for Editor in 0.00 ms.
Unloading 1256 Unused Serialized files (Serialized files now loaded: 0)
System memory in use before: 65.3 MB.
System memory in use after: 65.4 MB.

Unloading 12 unused Assets to reduce memory usage. Loaded Objects now: 1763.
Total: 1.429400 ms (FindLiveObjects: 0.108400 ms CreateObjectMapping: 0.030300 ms MarkObjects: 1.250900 ms  DeleteObjects: 0.039200 ms)

========================================================================
Received Prepare
Registering precompiled user dll's ...
Registered in 0.000675 seconds.
Begin MonoManager ReloadAssembly
Native extension for WindowsStandalone target not found
Refreshing native plugins compatible for Editor in 0.26 ms, found 3 plugins.
Preloading 0 native plugins for Editor in 0.00 ms.
Mono: successfully reloaded assembly
- Completed reload, in  0.631 seconds
Platform modules already initialized, skipping
Refreshing native plugins compatible for Editor in 0.27 ms, found 3 plugins.
Preloading 0 native plugins for Editor in 0.00 ms.
Unloading 1256 Unused Serialized files (Serialized files now loaded: 0)
System memory in use before: 65.3 MB.
System memory in use after: 65.4 MB.

Unloading 12 unused Assets to reduce memory usage. Loaded Objects now: 1766.
Total: 1.427500 ms (FindLiveObjects: 0.107000 ms CreateObjectMapping: 0.032200 ms MarkObjects: 1.250800 ms  DeleteObjects: 0.036900 ms)

========================================================================
Received Prepare
Registering precompiled user dll's ...
Registered in 0.000693 seconds.
Begin MonoManager ReloadAssembly
Native extension for WindowsStandalone target not found
Refreshing native plugins compatible for Editor in 0.26 ms, found 3 plugins.
Preloading 0 native plugins for Editor in 0.00 ms.
Mono: successfully reloaded assembly
- Completed reload, in  0.644 seconds
Platform modules already initialized, skipping
Refreshing native plugins compatible for Editor in 0.25 ms, found 3 plugins.
Preloading 0 native plugins for Editor in 0.00 ms.
Unloading 1256 Unused Serialized files (Serialized files now loaded: 0)
System memory in use before: 65.3 MB.
System memory in use after: 65.4 MB.

Unloading 12 unused Assets to reduce memory usage. Loaded Objects now: 1769.
Total: 1.353200 ms (FindLiveObjects: 0.115600 ms CreateObjectMapping: 0.030100 ms MarkObjects: 1.165500 ms  DeleteObjects: 0.041500 ms)

========================================================================
Received Prepare
Registering precompiled user dll's ...
Registered in 0.000662 seconds.
Begin MonoManager ReloadAssembly
Native extension for WindowsStandalone target not found
Refreshing native plugins compatible for Editor in 0.26 ms, found 3 plugins.
Preloading 0 native plugins for Editor in 0.00 ms.
Mono: successfully reloaded assembly
- Completed reload, in  0.631 seconds
Platform modules already initialized, skipping
Refreshing native plugins compatible for Editor in 0.31 ms, found 3 plugins.
Preloading 0 native plugins for Editor in 0.00 ms.
Unloading 1256 Unused Serialized files (Serialized files now loaded: 0)
System memory in use before: 65.3 MB.
System memory in use after: 65.4 MB.

Unloading 12 unused Assets to reduce memory usage. Loaded Objects now: 1772.
Total: 1.312900 ms (FindLiveObjects: 0.119300 ms CreateObjectMapping: 0.032000 ms MarkObjects: 1.119300 ms  DeleteObjects: 0.041500 ms)

========================================================================
Received Prepare
Registering precompiled user dll's ...
Registered in 0.000730 seconds.
Begin MonoManager ReloadAssembly
Native extension for WindowsStandalone target not found
Refreshing native plugins compatible for Editor in 0.31 ms, found 3 plugins.
Preloading 0 native plugins for Editor in 0.00 ms.
Mono: successfully reloaded assembly
- Completed reload, in  0.641 seconds
Platform modules already initialized, skipping
Refreshing native plugins compatible for Editor in 0.27 ms, found 3 plugins.
Preloading 0 native plugins for Editor in 0.00 ms.
Unloading 1256 Unused Serialized files (Serialized files now loaded: 0)
System memory in use before: 65.3 MB.
System memory in use after: 65.4 MB.

Unloading 12 unused Assets to reduce memory usage. Loaded Objects now: 1775.
Total: 1.353700 ms (FindLiveObjects: 0.118600 ms CreateObjectMapping: 0.032200 ms MarkObjects: 1.164100 ms  DeleteObjects: 0.038100 ms)

========================================================================
Received Prepare
Registering precompiled user dll's ...
Registered in 0.000672 seconds.
Begin MonoManager ReloadAssembly
Native extension for WindowsStandalone target not found
Refreshing native plugins compatible for Editor in 0.26 ms, found 3 plugins.
Preloading 0 native plugins for Editor in 0.00 ms.
Mono: successfully reloaded assembly
- Completed reload, in  0.631 seconds
Platform modules already initialized, skipping
Refreshing native plugins compatible for Editor in 0.26 ms, found 3 plugins.
Preloading 0 native plugins for Editor in 0.00 ms.
Unloading 1256 Unused Serialized files (Serialized files now loaded: 0)
System memory in use before: 65.3 MB.
System memory in use after: 65.4 MB.

Unloading 12 unused Assets to reduce memory usage. Loaded Objects now: 1778.
Total: 1.352100 ms (FindLiveObjects: 0.107800 ms CreateObjectMapping: 0.031700 ms MarkObjects: 1.174700 ms  DeleteObjects: 0.037400 ms)

========================================================================
Received Prepare
Registering precompiled user dll's ...
Registered in 0.000723 seconds.
Begin MonoManager ReloadAssembly
Native extension for WindowsStandalone target not found
Refreshing native plugins compatible for Editor in 0.27 ms, found 3 plugins.
Preloading 0 native plugins for Editor in 0.00 ms.
Mono: successfully reloaded assembly
- Completed reload, in  0.670 seconds
Platform modules already initialized, skipping
Refreshing native plugins compatible for Editor in 0.25 ms, found 3 plugins.
Preloading 0 native plugins for Editor in 0.00 ms.
Unloading 1256 Unused Serialized files (Serialized files now loaded: 0)
System memory in use before: 65.3 MB.
System memory in use after: 65.4 MB.

Unloading 12 unused Assets to reduce memory usage. Loaded Objects now: 1781.
Total: 1.385400 ms (FindLiveObjects: 0.131500 ms CreateObjectMapping: 0.030500 ms MarkObjects: 1.184900 ms  DeleteObjects: 0.037800 ms)

========================================================================
Received Prepare
Registering precompiled user dll's ...
Registered in 0.000706 seconds.
Begin MonoManager ReloadAssembly
Native extension for WindowsStandalone target not found
Refreshing native plugins compatible for Editor in 0.27 ms, found 3 plugins.
Preloading 0 native plugins for Editor in 0.00 ms.
Mono: successfully reloaded assembly
- Completed reload, in  0.659 seconds
Platform modules already initialized, skipping
Refreshing native plugins compatible for Editor in 0.26 ms, found 3 plugins.
Preloading 0 native plugins for Editor in 0.00 ms.
Unloading 1256 Unused Serialized files (Serialized files now loaded: 0)
System memory in use before: 65.3 MB.
System memory in use after: 65.4 MB.

Unloading 12 unused Assets to reduce memory usage. Loaded Objects now: 1784.
Total: 1.482000 ms (FindLiveObjects: 0.127900 ms CreateObjectMapping: 0.031600 ms MarkObjects: 1.284400 ms  DeleteObjects: 0.037500 ms)

========================================================================
Received Prepare
Registering precompiled user dll's ...
Registered in 0.000875 seconds.
Begin MonoManager ReloadAssembly
Native extension for WindowsStandalone target not found
Refreshing native plugins compatible for Editor in 0.27 ms, found 3 plugins.
Preloading 0 native plugins for Editor in 0.00 ms.
Mono: successfully reloaded assembly
- Completed reload, in  0.649 seconds
Platform modules already initialized, skipping
Refreshing native plugins compatible for Editor in 0.26 ms, found 3 plugins.
Preloading 0 native plugins for Editor in 0.00 ms.
Unloading 1256 Unused Serialized files (Serialized files now loaded: 0)
System memory in use before: 65.3 MB.
System memory in use after: 65.4 MB.

Unloading 12 unused Assets to reduce memory usage. Loaded Objects now: 1787.
Total: 1.338800 ms (FindLiveObjects: 0.112700 ms CreateObjectMapping: 0.029100 ms MarkObjects: 1.156900 ms  DeleteObjects: 0.039300 ms)

========================================================================
Received Prepare
Registering precompiled user dll's ...
Registered in 0.000686 seconds.
Begin MonoManager ReloadAssembly
Native extension for WindowsStandalone target not found
Refreshing native plugins compatible for Editor in 0.26 ms, found 3 plugins.
Preloading 0 native plugins for Editor in 0.00 ms.
Mono: successfully reloaded assembly
- Completed reload, in  0.632 seconds
Platform modules already initialized, skipping
Refreshing native plugins compatible for Editor in 0.26 ms, found 3 plugins.
Preloading 0 native plugins for Editor in 0.00 ms.
Unloading 1256 Unused Serialized files (Serialized files now loaded: 0)
System memory in use before: 65.3 MB.
System memory in use after: 65.4 MB.

Unloading 12 unused Assets to reduce memory usage. Loaded Objects now: 1790.
Total: 1.325300 ms (FindLiveObjects: 0.116600 ms CreateObjectMapping: 0.033000 ms MarkObjects: 1.136600 ms  DeleteObjects: 0.038400 ms)

========================================================================
Received Prepare
Registering precompiled user dll's ...
Registered in 0.000741 seconds.
Begin MonoManager ReloadAssembly
Native extension for WindowsStandalone target not found
Refreshing native plugins compatible for Editor in 0.26 ms, found 3 plugins.
Preloading 0 native plugins for Editor in 0.00 ms.
Mono: successfully reloaded assembly
- Completed reload, in  0.649 seconds
Platform modules already initialized, skipping
Refreshing native plugins compatible for Editor in 0.25 ms, found 3 plugins.
Preloading 0 native plugins for Editor in 0.00 ms.
Unloading 1256 Unused Serialized files (Serialized files now loaded: 0)
System memory in use before: 65.3 MB.
System memory in use after: 65.4 MB.

Unloading 12 unused Assets to reduce memory usage. Loaded Objects now: 1793.
Total: 1.526500 ms (FindLiveObjects: 0.127900 ms CreateObjectMapping: 0.030600 ms MarkObjects: 1.329500 ms  DeleteObjects: 0.037800 ms)

========================================================================
Received Import Request.
  Time since last request: 8541.655372 seconds.
  path: Assets/Azerilo/HQ Racing Car Model No.1202/Scene
  artifactKey: Guid(32abfbdbb9e93c84b9e527cd04ea73f3) Importer(815301076,1909f56bfc062723c751e8b465ee728b)
Start importing Assets/Azerilo/HQ Racing Car Model No.1202/Scene using Guid(32abfbdbb9e93c84b9e527cd04ea73f3) Importer(815301076,1909f56bfc062723c751e8b465ee728b)  -> (artifact id: 'a2be27112b49621d57a9ccfcedbe62dd') in 0.007025 seconds
  Import took 0.008964 seconds .

========================================================================
Received Import Request.
  Time since last request: 0.449945 seconds.
  path: Assets/Azerilo/HQ Racing Car Model No.1202/Prefab/Car Black.prefab
  artifactKey: Guid(738830bc793a24e46a0a17dce3f80225) Importer(815301076,1909f56bfc062723c751e8b465ee728b)
Start importing Assets/Azerilo/HQ Racing Car Model No.1202/Prefab/Car Black.prefab using Guid(738830bc793a24e46a0a17dce3f80225) Importer(815301076,1909f56bfc062723c751e8b465ee728b)  -> (artifact id: '7d311eaeb76b5b11bb9b891d7fe1b713') in 0.073846 seconds
  Import took 0.076311 seconds .

========================================================================
Received Prepare
Registering precompiled user dll's ...
Registered in 0.000735 seconds.
Begin MonoManager ReloadAssembly
Native extension for WindowsStandalone target not found
Refreshing native plugins compatible for Editor in 0.32 ms, found 3 plugins.
Preloading 0 native plugins for Editor in 0.00 ms.
Mono: successfully reloaded assembly
- Completed reload, in  0.642 seconds
Platform modules already initialized, skipping
Refreshing native plugins compatible for Editor in 0.27 ms, found 3 plugins.
Preloading 0 native plugins for Editor in 0.00 ms.
Unloading 1256 Unused Serialized files (Serialized files now loaded: 0)
System memory in use before: 65.4 MB.
System memory in use after: 65.4 MB.

Unloading 12 unused Assets to reduce memory usage. Loaded Objects now: 1797.
Total: 1.371700 ms (FindLiveObjects: 0.112400 ms CreateObjectMapping: 0.031600 ms MarkObjects: 1.187700 ms  DeleteObjects: 0.039400 ms)

========================================================================
Received Prepare
Registering precompiled user dll's ...
Registered in 0.000727 seconds.
Begin MonoManager ReloadAssembly
Native extension for WindowsStandalone target not found
Refreshing native plugins compatible for Editor in 0.25 ms, found 3 plugins.
Preloading 0 native plugins for Editor in 0.00 ms.
Mono: successfully reloaded assembly
- Completed reload, in  0.645 seconds
Platform modules already initialized, skipping
Refreshing native plugins compatible for Editor in 0.26 ms, found 3 plugins.
Preloading 0 native plugins for Editor in 0.00 ms.
Unloading 1256 Unused Serialized files (Serialized files now loaded: 0)
System memory in use before: 65.4 MB.
System memory in use after: 65.4 MB.

Unloading 12 unused Assets to reduce memory usage. Loaded Objects now: 1800.
Total: 1.609600 ms (FindLiveObjects: 0.129400 ms CreateObjectMapping: 0.030700 ms MarkObjects: 1.409900 ms  DeleteObjects: 0.038900 ms)

========================================================================
Received Import Request.
  Time since last request: 128.580124 seconds.
  path: Assets/Azerilo/HQ Racing Car Model No.1202/Prefab/Car White.prefab
  artifactKey: Guid(c5c77be66559e0141a22b4c3c1ff564d) Importer(815301076,1909f56bfc062723c751e8b465ee728b)
Start importing Assets/Azerilo/HQ Racing Car Model No.1202/Prefab/Car White.prefab using Guid(c5c77be66559e0141a22b4c3c1ff564d) Importer(815301076,1909f56bfc062723c751e8b465ee728b)  -> (artifact id: '3968e5e91b4bff90aa6d9ef47f0cc909') in 0.059697 seconds
  Import took 0.062340 seconds .

========================================================================
Received Prepare
Registering precompiled user dll's ...
Registered in 0.000713 seconds.
Begin MonoManager ReloadAssembly
Native extension for WindowsStandalone target not found
Refreshing native plugins compatible for Editor in 0.26 ms, found 3 plugins.
Preloading 0 native plugins for Editor in 0.00 ms.
Mono: successfully reloaded assembly
- Completed reload, in  0.688 seconds
Platform modules already initialized, skipping
Refreshing native plugins compatible for Editor in 0.25 ms, found 3 plugins.
Preloading 0 native plugins for Editor in 0.00 ms.
Unloading 1256 Unused Serialized files (Serialized files now loaded: 0)
System memory in use before: 65.4 MB.
System memory in use after: 65.5 MB.

Unloading 12 unused Assets to reduce memory usage. Loaded Objects now: 1804.
Total: 1.698400 ms (FindLiveObjects: 0.120800 ms CreateObjectMapping: 0.033200 ms MarkObjects: 1.500300 ms  DeleteObjects: 0.043300 ms)

========================================================================
Received Prepare
Registering precompiled user dll's ...
Registered in 0.000687 seconds.
Begin MonoManager ReloadAssembly
Native extension for WindowsStandalone target not found
Refreshing native plugins compatible for Editor in 0.25 ms, found 3 plugins.
Preloading 0 native plugins for Editor in 0.00 ms.
Mono: successfully reloaded assembly
- Completed reload, in  0.678 seconds
Platform modules already initialized, skipping
Refreshing native plugins compatible for Editor in 0.26 ms, found 3 plugins.
Preloading 0 native plugins for Editor in 0.00 ms.
Unloading 1256 Unused Serialized files (Serialized files now loaded: 0)
System memory in use before: 65.4 MB.
System memory in use after: 65.5 MB.

Unloading 12 unused Assets to reduce memory usage. Loaded Objects now: 1807.
Total: 1.396000 ms (FindLiveObjects: 0.112500 ms CreateObjectMapping: 0.031700 ms MarkObjects: 1.214000 ms  DeleteObjects: 0.037300 ms)

========================================================================
Received Prepare
Registering precompiled user dll's ...
Registered in 0.000794 seconds.
Begin MonoManager ReloadAssembly
Native extension for WindowsStandalone target not found
Refreshing native plugins compatible for Editor in 0.26 ms, found 3 plugins.
Preloading 0 native plugins for Editor in 0.00 ms.
Mono: successfully reloaded assembly
- Completed reload, in  0.640 seconds
Platform modules already initialized, skipping
Refreshing native plugins compatible for Editor in 0.26 ms, found 3 plugins.
Preloading 0 native plugins for Editor in 0.00 ms.
Unloading 1256 Unused Serialized files (Serialized files now loaded: 0)
System memory in use before: 65.4 MB.
System memory in use after: 65.5 MB.

Unloading 12 unused Assets to reduce memory usage. Loaded Objects now: 1810.
Total: 1.475700 ms (FindLiveObjects: 0.113900 ms CreateObjectMapping: 0.032700 ms MarkObjects: 1.289500 ms  DeleteObjects: 0.039100 ms)

========================================================================
Received Prepare
Registering precompiled user dll's ...
Registered in 0.000711 seconds.
Begin MonoManager ReloadAssembly
Native extension for WindowsStandalone target not found
Refreshing native plugins compatible for Editor in 0.26 ms, found 3 plugins.
Preloading 0 native plugins for Editor in 0.00 ms.
Mono: successfully reloaded assembly
- Completed reload, in  0.665 seconds
Platform modules already initialized, skipping
Refreshing native plugins compatible for Editor in 0.25 ms, found 3 plugins.
Preloading 0 native plugins for Editor in 0.00 ms.
Unloading 1256 Unused Serialized files (Serialized files now loaded: 0)
System memory in use before: 65.4 MB.
System memory in use after: 65.5 MB.

Unloading 12 unused Assets to reduce memory usage. Loaded Objects now: 1813.
Total: 1.528500 ms (FindLiveObjects: 0.133900 ms CreateObjectMapping: 0.035800 ms MarkObjects: 1.319000 ms  DeleteObjects: 0.039200 ms)

========================================================================
Received Prepare
Registering precompiled user dll's ...
Registered in 0.000708 seconds.
Begin MonoManager ReloadAssembly
Native extension for WindowsStandalone target not found
Refreshing native plugins compatible for Editor in 0.27 ms, found 3 plugins.
Preloading 0 native plugins for Editor in 0.00 ms.
Mono: successfully reloaded assembly
- Completed reload, in  0.642 seconds
Platform modules already initialized, skipping
Refreshing native plugins compatible for Editor in 0.25 ms, found 3 plugins.
Preloading 0 native plugins for Editor in 0.00 ms.
Unloading 1256 Unused Serialized files (Serialized files now loaded: 0)
System memory in use before: 65.4 MB.
System memory in use after: 65.5 MB.

Unloading 12 unused Assets to reduce memory usage. Loaded Objects now: 1816.
Total: 1.373000 ms (FindLiveObjects: 0.110900 ms CreateObjectMapping: 0.031500 ms MarkObjects: 1.193300 ms  DeleteObjects: 0.036600 ms)

========================================================================
Received Prepare
Registering precompiled user dll's ...
Registered in 0.000751 seconds.
Begin MonoManager ReloadAssembly
Native extension for WindowsStandalone target not found
Refreshing native plugins compatible for Editor in 0.30 ms, found 3 plugins.
Preloading 0 native plugins for Editor in 0.00 ms.
Mono: successfully reloaded assembly
- Completed reload, in  0.666 seconds
Platform modules already initialized, skipping
Refreshing native plugins compatible for Editor in 0.26 ms, found 3 plugins.
Preloading 0 native plugins for Editor in 0.00 ms.
Unloading 1256 Unused Serialized files (Serialized files now loaded: 0)
System memory in use before: 65.4 MB.
System memory in use after: 65.5 MB.

Unloading 12 unused Assets to reduce memory usage. Loaded Objects now: 1819.
Total: 1.449000 ms (FindLiveObjects: 0.114400 ms CreateObjectMapping: 0.033000 ms MarkObjects: 1.261500 ms  DeleteObjects: 0.039500 ms)

